Log file open, 05/17/21 15:12:04
LogWindows: Failed to load 'aqProf.dll' (GetLastError=126)
LogWindows: File 'aqProf.dll' does not exist
LogWindows: Failed to load 'VtuneApi.dll' (GetLastError=126)
LogWindows: File 'VtuneApi.dll' does not exist
LogWindows: Failed to load 'VtuneApi32e.dll' (GetLastError=126)
LogWindows: File 'VtuneApi32e.dll' does not exist
LogConsoleResponse: Display: Failed to find resolution value strings in scalability ini. Falling back to default.
LogInit: Display: Running engine for game: Precision_Groupv1
LogPlatformFile: Not using cached read wrapper
LogTaskGraph: Started task graph with 5 named threads and 20 total threads with 3 sets of task threads.
LogStats: Stats thread started at 0.065789
LogD3D11RHI: Loaded GFSDK_Aftermath_Lib.x64.dll
LogICUInternationalization: ICU TimeZone Detection - Raw Offset: -6:00, Platform Override: ''
LogPluginManager: Mounting plugin Paper2D
LogPluginManager: Mounting plugin AISupport
LogPluginManager: Mounting plugin LightPropagationVolume
LogPluginManager: Mounting plugin ActorLayerUtilities
LogPluginManager: Mounting plugin AnimationSharing
LogPluginManager: Mounting plugin CLionSourceCodeAccess
LogPluginManager: Mounting plugin CodeLiteSourceCodeAccess
LogPluginManager: Mounting plugin GitSourceControl
LogPluginManager: Mounting plugin KDevelopSourceCodeAccess
LogPluginManager: Mounting plugin NullSourceCodeAccess
LogPluginManager: Mounting plugin PerforceSourceControl
LogPluginManager: Mounting plugin SubversionSourceControl
LogPluginManager: Mounting plugin UObjectPlugin
LogPluginManager: Mounting plugin VisualStudioCodeSourceCodeAccess
LogPluginManager: Mounting plugin VisualStudioSourceCodeAccess
LogPluginManager: Mounting plugin XCodeSourceCodeAccess
LogPluginManager: Mounting plugin AssetManagerEditor
LogPluginManager: Mounting plugin CryptoKeys
LogPluginManager: Mounting plugin CurveEditorTools
LogPluginManager: Mounting plugin DataValidation
LogPluginManager: Mounting plugin FacialAnimation
LogPluginManager: Mounting plugin GameplayTagsEditor
LogPluginManager: Mounting plugin MacGraphicsSwitching
LogPluginManager: Mounting plugin MaterialAnalyzer
LogPluginManager: Mounting plugin MobileLauncherProfileWizard
LogPluginManager: Mounting plugin PluginBrowser
LogPluginManager: Mounting plugin SpeedTreeImporter
LogPluginManager: Mounting plugin DatasmithContent
LogPluginManager: Mounting plugin VariantManagerContent
LogPluginManager: Mounting plugin AlembicImporter
LogPluginManager: Mounting plugin AutomationUtils
LogPluginManager: Mounting plugin BackChannel
LogPluginManager: Mounting plugin CharacterAI
LogPluginManager: Mounting plugin GeometryCache
LogPluginManager: Mounting plugin HTML5Networking
LogPluginManager: Mounting plugin PlatformCrypto
LogPluginManager: Mounting plugin ProxyLODPlugin
LogPluginManager: Mounting plugin SkeletalReduction
LogPluginManager: Mounting plugin MagicLeap
LogPluginManager: Mounting plugin MagicLeapMedia
LogPluginManager: Mounting plugin AndroidMedia
LogPluginManager: Mounting plugin AvfMedia
LogPluginManager: Mounting plugin ImgMedia
LogPluginManager: Mounting plugin MediaCompositing
LogPluginManager: Mounting plugin MediaPlayerEditor
LogPluginManager: Mounting plugin WebMMedia
LogPluginManager: Mounting plugin WmfMedia
LogPluginManager: Mounting plugin TcpMessaging
LogPluginManager: Mounting plugin UdpMessaging
LogPluginManager: Mounting plugin ActorSequence
LogPluginManager: Mounting plugin LevelSequenceEditor
LogPluginManager: Mounting plugin MatineeToLevelSequence
LogPluginManager: Mounting plugin NetcodeUnitTest
LogPluginManager: Mounting plugin NUTUnrealEngine4
LogPluginManager: Mounting plugin OnlineSubsystemGooglePlay
LogPluginManager: Mounting plugin OnlineSubsystemIOS
LogPluginManager: Mounting plugin OnlineSubsystem
LogPluginManager: Mounting plugin OnlineSubsystemNull
LogPluginManager: Mounting plugin OnlineSubsystemUtils
LogPluginManager: Mounting plugin LauncherChunkInstaller
LogPluginManager: Mounting plugin AndroidDeviceProfileSelector
LogPluginManager: Mounting plugin AndroidMoviePlayer
LogPluginManager: Mounting plugin AndroidPermission
LogPluginManager: Mounting plugin AppleImageUtils
LogPluginManager: Mounting plugin AppleMoviePlayer
LogPluginManager: Mounting plugin ArchVisCharacter
LogPluginManager: Mounting plugin AudioCapture
LogPluginManager: Mounting plugin CableComponent
LogPluginManager: Mounting plugin CustomMeshComponent
LogPluginManager: Mounting plugin EditableMesh
LogPluginManager: Mounting plugin ExampleDeviceProfileSelector
LogPluginManager: Mounting plugin GoogleCloudMessaging
LogPluginManager: Mounting plugin IOSDeviceProfileSelector
LogPluginManager: Mounting plugin LinuxDeviceProfileSelector
LogPluginManager: Mounting plugin LocationServicesBPLibrary
LogPluginManager: Mounting plugin MobilePatchingUtils
LogPluginManager: Mounting plugin OculusVR
LogPluginManager: Mounting plugin PhysXVehicles
LogPluginManager: Mounting plugin ProceduralMeshComponent
LogPluginManager: Mounting plugin RuntimePhysXCooking
LogPluginManager: Mounting plugin SignificanceManager
LogPluginManager: Mounting plugin SteamVR
LogPluginManager: Mounting plugin WebMMoviePlayer
LogPluginManager: Mounting plugin WindowsMoviePlayer
LogPluginManager: Mounting plugin ScreenshotTools
LogInit: Using libcurl 7.55.1-DEV
LogInit:  - built for x86_64-pc-win32
LogInit:  - supports SSL with OpenSSL/1.1.1
LogInit:  - supports HTTP deflate (compression) using libz 1.2.8
LogInit:  - other features:
LogInit:      CURL_VERSION_SSL
LogInit:      CURL_VERSION_LIBZ
LogInit:      CURL_VERSION_IPV6
LogInit:      CURL_VERSION_ASYNCHDNS
LogInit:      CURL_VERSION_LARGEFILE
LogInit:      CURL_VERSION_IDN
LogInit:  CurlRequestOptions (configurable via config and command line):
LogInit:  - bVerifyPeer = true  - Libcurl will verify peer certificate
LogInit:  - bUseHttpProxy = false  - Libcurl will NOT use HTTP proxy
LogInit:  - bDontReuseConnections = false  - Libcurl will reuse connections
LogInit:  - MaxHostConnections = 16  - Libcurl will limit the number of connections to a host
LogInit:  - LocalHostAddr = Default
LogInit:  - BufferSize = 65536
LogOnline: OSS: Creating online subsystem instance for: NULL
LogInit: WinSock: version 1.1 (2.2), MaxSocks=32767, MaxUdp=65467
LogInit: Build: ++UE4+Release-4.23-CL-9631420
LogInit: Engine Version: 4.23.1-9631420+++UE4+Release-4.23
LogInit: Compatible Engine Version: 4.23.0-8386587+++UE4+Release-4.23
LogInit: Net CL: 8386587
LogInit: OS: Windows 10 (Release 1909) (), CPU: Intel(R) Core(TM) i5-9400F CPU @ 2.90GHz, GPU: NVIDIA GeForce GT 710
LogInit: Compiled (64-bit): Oct 18 2019 02:07:44
LogInit: Compiled with Visual C++: 19.16.27030.01
LogInit: Build Configuration: Development
LogInit: Branch Name: ++UE4+Release-4.23
LogInit: Command Line: 
LogInit: Base Directory: C:/Program Files/Epic Games/UE_4.23/Engine/Binaries/Win64/
LogInit: Installed Engine Build: 1
LogDevObjectVersion: Number of dev versions registered: 23
LogDevObjectVersion:   Dev-Blueprints (B0D832E4-1F89-4F0D-ACCF-7EB736FD4AA2): 10
LogDevObjectVersion:   Dev-Build (E1C64328-A22C-4D53-A36C-8E866417BD8C): 0
LogDevObjectVersion:   Dev-Core (375EC13C-06E4-48FB-B500-84F0262A717E): 3
LogDevObjectVersion:   Dev-Editor (E4B068ED-F494-42E9-A231-DA0B2E46BB41): 34
LogDevObjectVersion:   Dev-Framework (CFFC743F-43B0-4480-9391-14DF171D2073): 35
LogDevObjectVersion:   Dev-Mobile (B02B49B5-BB20-44E9-A304-32B752E40360): 2
LogDevObjectVersion:   Dev-Networking (A4E4105C-59A1-49B5-A7C5-40C4547EDFEE): 0
LogDevObjectVersion:   Dev-Online (39C831C9-5AE6-47DC-9A44-9C173E1C8E7C): 0
LogDevObjectVersion:   Dev-Physics (78F01B33-EBEA-4F98-B9B4-84EACCB95AA2): 0
LogDevObjectVersion:   Dev-Platform (6631380F-2D4D-43E0-8009-CF276956A95A): 0
LogDevObjectVersion:   Dev-Rendering (12F88B9F-8875-4AFC-A67C-D90C383ABD29): 31
LogDevObjectVersion:   Dev-Sequencer (7B5AE74C-D270-4C10-A958-57980B212A5A): 11
LogDevObjectVersion:   Dev-VR (D7296918-1DD6-4BDD-9DE2-64A83CC13884): 2
LogDevObjectVersion:   Dev-LoadTimes (C2A15278-BFE7-4AFE-6C17-90FF531DF755): 1
LogDevObjectVersion:   Private-Geometry (6EACA3D4-40EC-4CC1-B786-8BED09428FC5): 3
LogDevObjectVersion:   Dev-AnimPhys (29E575DD-E0A3-4627-9D10-D276232CDCEA): 17
LogDevObjectVersion:   Dev-Anim (AF43A65D-7FD3-4947-9873-3E8ED9C1BB05): 2
LogDevObjectVersion:   Dev-ReflectionCapture (6B266CEC-1EC7-4B8F-A30B-E4D90942FC07): 1
LogDevObjectVersion:   Dev-Automation (0DF73D61-A23F-47EA-B727-89E90C41499A): 1
LogDevObjectVersion:   FortniteMain (601D1886-AC64-4F84-AA16-D3DE0DEAC7D6): 27
LogDevObjectVersion:   Dev-Enterprise (9DFFBCD6-494F-0158-E221-12823C92A888): 6
LogDevObjectVersion:   Dev-Niagara (F2AED0AC-9AFE-416F-8664-AA7FFA26D6FC): 1
LogDevObjectVersion:   Dev-Destruction (174F1F0B-B4C6-45A5-B13F-2EE8D0FB917D): 9
LogInit: Presizing for max 16777216 objects, including 0 objects not considered by GC, pre-allocating 0 bytes for permanent pool.
LogInit: Object subsystem initialized
LogConfig: Setting CVar [[con.DebugEarlyDefault:1]]
LogConfig: Setting CVar [[r.setres:1280x720]]
[2021.05.17-20.12.04:552][  0]LogConfig: Setting CVar [[r.VSync:0]]
[2021.05.17-20.12.04:552][  0]LogConfig: Setting CVar [[r.RHICmdBypass:0]]
[2021.05.17-20.12.04:552][  0]LogConfig: Applying CVar settings from Section [/Script/Engine.RendererSettings] File [C:/Users/FUSE-Medium2/Documents/GitHub/PrecisionGroup_Rep/Saved/Config/Windows/Engine.ini]
[2021.05.17-20.12.04:552][  0]LogConfig: Setting CVar [[r.GPUCrashDebugging:0]]
[2021.05.17-20.12.04:552][  0]LogConfig: Applying CVar settings from Section [/Script/Engine.RendererOverrideSettings] File [C:/Users/FUSE-Medium2/Documents/GitHub/PrecisionGroup_Rep/Saved/Config/Windows/Engine.ini]
[2021.05.17-20.12.04:552][  0]LogConfig: Applying CVar settings from Section [/Script/Engine.StreamingSettings] File [C:/Users/FUSE-Medium2/Documents/GitHub/PrecisionGroup_Rep/Saved/Config/Windows/Engine.ini]
[2021.05.17-20.12.04:552][  0]LogConfig: Setting CVar [[s.MinBulkDataSizeForAsyncLoading:131072]]
[2021.05.17-20.12.04:552][  0]LogConfig: Setting CVar [[s.AsyncLoadingThreadEnabled:0]]
[2021.05.17-20.12.04:552][  0]LogConfig: Setting CVar [[s.EventDrivenLoaderEnabled:1]]
[2021.05.17-20.12.04:552][  0]LogConfig: Setting CVar [[s.WarnIfTimeLimitExceeded:0]]
[2021.05.17-20.12.04:552][  0]LogConfig: Setting CVar [[s.TimeLimitExceededMultiplier:1.5]]
[2021.05.17-20.12.04:552][  0]LogConfig: Setting CVar [[s.TimeLimitExceededMinTime:0.005]]
[2021.05.17-20.12.04:552][  0]LogConfig: Setting CVar [[s.UseBackgroundLevelStreaming:1]]
[2021.05.17-20.12.04:552][  0]LogConfig: Setting CVar [[s.PriorityAsyncLoadingExtraTime:15.0]]
[2021.05.17-20.12.04:552][  0]LogConfig: Setting CVar [[s.LevelStreamingActorsUpdateTimeLimit:5.0]]
[2021.05.17-20.12.04:552][  0]LogConfig: Setting CVar [[s.PriorityLevelStreamingActorsUpdateExtraTime:5.0]]
[2021.05.17-20.12.04:552][  0]LogConfig: Setting CVar [[s.LevelStreamingComponentsRegistrationGranularity:10]]
[2021.05.17-20.12.04:552][  0]LogConfig: Setting CVar [[s.UnregisterComponentsTimeLimit:1.0]]
[2021.05.17-20.12.04:552][  0]LogConfig: Setting CVar [[s.LevelStreamingComponentsUnregistrationGranularity:5]]
[2021.05.17-20.12.04:552][  0]LogConfig: Applying CVar settings from Section [/Script/Engine.GarbageCollectionSettings] File [C:/Users/FUSE-Medium2/Documents/GitHub/PrecisionGroup_Rep/Saved/Config/Windows/Engine.ini]
[2021.05.17-20.12.04:552][  0]LogConfig: Setting CVar [[gc.MaxObjectsNotConsideredByGC:1]]
[2021.05.17-20.12.04:552][  0]LogConfig: Setting CVar [[gc.SizeOfPermanentObjectPool:0]]
[2021.05.17-20.12.04:552][  0]LogConfig: Setting CVar [[gc.FlushStreamingOnGC:0]]
[2021.05.17-20.12.04:552][  0]LogConfig: Setting CVar [[gc.NumRetriesBeforeForcingGC:10]]
[2021.05.17-20.12.04:552][  0]LogConfig: Setting CVar [[gc.AllowParallelGC:1]]
[2021.05.17-20.12.04:552][  0]LogConfig: Setting CVar [[gc.TimeBetweenPurgingPendingKillObjects:61.1]]
[2021.05.17-20.12.04:552][  0]LogConfig: Setting CVar [[gc.MaxObjectsInEditor:16777216]]
[2021.05.17-20.12.04:552][  0]LogConfig: Setting CVar [[gc.IncrementalBeginDestroyEnabled:1]]
[2021.05.17-20.12.04:552][  0]LogConfig: Setting CVar [[gc.CreateGCClusters:1]]
[2021.05.17-20.12.04:552][  0]LogConfig: Setting CVar [[gc.MinGCClusterSize:5]]
[2021.05.17-20.12.04:552][  0]LogConfig: Setting CVar [[gc.ActorClusteringEnabled:0]]
[2021.05.17-20.12.04:552][  0]LogConfig: Setting CVar [[gc.BlueprintClusteringEnabled:0]]
[2021.05.17-20.12.04:552][  0]LogConfig: Setting CVar [[gc.UseDisregardForGCOnDedicatedServers:0]]
[2021.05.17-20.12.04:552][  0]LogConfig: Applying CVar settings from Section [/Script/Engine.NetworkSettings] File [C:/Users/FUSE-Medium2/Documents/GitHub/PrecisionGroup_Rep/Saved/Config/Windows/Engine.ini]
[2021.05.17-20.12.04:552][  0]LogConfig: Applying CVar settings from Section [/Script/UnrealEd.CookerSettings] File [C:/Users/FUSE-Medium2/Documents/GitHub/PrecisionGroup_Rep/Saved/Config/Windows/Engine.ini]
[2021.05.17-20.12.04:555][  0]LogConfig: Applying CVar settings from Section [ViewDistanceQuality@3] File [C:/Users/FUSE-Medium2/Documents/GitHub/PrecisionGroup_Rep/Saved/Config/Windows/Scalability.ini]
[2021.05.17-20.12.04:555][  0]LogConfig: Setting CVar [[r.SkeletalMeshLODBias:0]]
[2021.05.17-20.12.04:555][  0]LogConfig: Setting CVar [[r.ViewDistanceScale:1.0]]
[2021.05.17-20.12.04:555][  0]LogConfig: Applying CVar settings from Section [AntiAliasingQuality@3] File [C:/Users/FUSE-Medium2/Documents/GitHub/PrecisionGroup_Rep/Saved/Config/Windows/Scalability.ini]
[2021.05.17-20.12.04:555][  0]LogConfig: Setting CVar [[r.PostProcessAAQuality:4]]
[2021.05.17-20.12.04:555][  0]LogConfig: Applying CVar settings from Section [ShadowQuality@3] File [C:/Users/FUSE-Medium2/Documents/GitHub/PrecisionGroup_Rep/Saved/Config/Windows/Scalability.ini]
[2021.05.17-20.12.04:555][  0]LogConfig: Setting CVar [[r.LightFunctionQuality:1]]
[2021.05.17-20.12.04:555][  0]LogConfig: Setting CVar [[r.ShadowQuality:5]]
[2021.05.17-20.12.04:555][  0]LogConfig: Setting CVar [[r.Shadow.CSM.MaxCascades:10]]
[2021.05.17-20.12.04:555][  0]LogConfig: Setting CVar [[r.Shadow.MaxResolution:2048]]
[2021.05.17-20.12.04:555][  0]LogConfig: Setting CVar [[r.Shadow.MaxCSMResolution:2048]]
[2021.05.17-20.12.04:555][  0]LogConfig: Setting CVar [[r.Shadow.RadiusThreshold:0.01]]
[2021.05.17-20.12.04:555][  0]LogConfig: Setting CVar [[r.Shadow.DistanceScale:1.0]]
[2021.05.17-20.12.04:555][  0]LogConfig: Setting CVar [[r.Shadow.CSM.TransitionScale:1.0]]
[2021.05.17-20.12.04:555][  0]LogConfig: Setting CVar [[r.Shadow.PreShadowResolutionFactor:1.0]]
[2021.05.17-20.12.04:555][  0]LogConfig: Setting CVar [[r.DistanceFieldShadowing:1]]
[2021.05.17-20.12.04:555][  0]LogConfig: Setting CVar [[r.DistanceFieldAO:1]]
[2021.05.17-20.12.04:555][  0]LogConfig: Setting CVar [[r.AOQuality:2]]
[2021.05.17-20.12.04:555][  0]LogConfig: Setting CVar [[r.VolumetricFog:1]]
[2021.05.17-20.12.04:555][  0]LogConfig: Setting CVar [[r.VolumetricFog.GridPixelSize:8]]
[2021.05.17-20.12.04:555][  0]LogConfig: Setting CVar [[r.VolumetricFog.GridSizeZ:128]]
[2021.05.17-20.12.04:555][  0]LogConfig: Setting CVar [[r.VolumetricFog.HistoryMissSupersampleCount:4]]
[2021.05.17-20.12.04:555][  0]LogConfig: Setting CVar [[r.LightMaxDrawDistanceScale:1]]
[2021.05.17-20.12.04:555][  0]LogConfig: Setting CVar [[r.CapsuleShadows:1]]
[2021.05.17-20.12.04:555][  0]LogConfig: Applying CVar settings from Section [PostProcessQuality@3] File [C:/Users/FUSE-Medium2/Documents/GitHub/PrecisionGroup_Rep/Saved/Config/Windows/Scalability.ini]
[2021.05.17-20.12.04:555][  0]LogConfig: Setting CVar [[r.MotionBlurQuality:4]]
[2021.05.17-20.12.04:555][  0]LogConfig: Setting CVar [[r.AmbientOcclusionMipLevelFactor:0.4]]
[2021.05.17-20.12.04:555][  0]LogConfig: Setting CVar [[r.AmbientOcclusionMaxQuality:100]]
[2021.05.17-20.12.04:555][  0]LogConfig: Setting CVar [[r.AmbientOcclusionLevels:-1]]
[2021.05.17-20.12.04:555][  0]LogConfig: Setting CVar [[r.AmbientOcclusionRadiusScale:1.0]]
[2021.05.17-20.12.04:555][  0]LogConfig: Setting CVar [[r.DepthOfFieldQuality:2]]
[2021.05.17-20.12.04:555][  0]LogConfig: Setting CVar [[r.RenderTargetPoolMin:400]]
[2021.05.17-20.12.04:555][  0]LogConfig: Setting CVar [[r.LensFlareQuality:2]]
[2021.05.17-20.12.04:555][  0]LogConfig: Setting CVar [[r.SceneColorFringeQuality:1]]
[2021.05.17-20.12.04:555][  0]LogConfig: Setting CVar [[r.EyeAdaptationQuality:2]]
[2021.05.17-20.12.04:555][  0]LogConfig: Setting CVar [[r.BloomQuality:5]]
[2021.05.17-20.12.04:555][  0]LogConfig: Setting CVar [[r.FastBlurThreshold:100]]
[2021.05.17-20.12.04:555][  0]LogConfig: Setting CVar [[r.Upscale.Quality:3]]
[2021.05.17-20.12.04:555][  0]LogConfig: Setting CVar [[r.Tonemapper.GrainQuantization:1]]
[2021.05.17-20.12.04:556][  0]LogConfig: Setting CVar [[r.LightShaftQuality:1]]
[2021.05.17-20.12.04:556][  0]LogConfig: Setting CVar [[r.Filter.SizeScale:1]]
[2021.05.17-20.12.04:556][  0]LogConfig: Setting CVar [[r.Tonemapper.Quality:5]]
[2021.05.17-20.12.04:556][  0]LogConfig: Setting CVar [[r.DOF.Gather.AccumulatorQuality:1        ; higher gathering accumulator quality]]
[2021.05.17-20.12.04:556][  0]LogConfig: Setting CVar [[r.DOF.Gather.PostfilterMethod:1          ; Median3x3 postfilering method]]
[2021.05.17-20.12.04:556][  0]LogConfig: Setting CVar [[r.DOF.Gather.EnableBokehSettings:0       ; no bokeh simulation when gathering]]
[2021.05.17-20.12.04:556][  0]LogConfig: Setting CVar [[r.DOF.Gather.RingCount:4                 ; medium number of samples when gathering]]
[2021.05.17-20.12.04:556][  0]LogConfig: Setting CVar [[r.DOF.Scatter.ForegroundCompositing:1    ; additive foreground scattering]]
[2021.05.17-20.12.04:556][  0]LogConfig: Setting CVar [[r.DOF.Scatter.BackgroundCompositing:2    ; additive background scattering]]
[2021.05.17-20.12.04:556][  0]LogConfig: Setting CVar [[r.DOF.Scatter.EnableBokehSettings:1      ; bokeh simulation when scattering]]
[2021.05.17-20.12.04:556][  0]LogConfig: Setting CVar [[r.DOF.Scatter.MaxSpriteRatio:0.1         ; only a maximum of 10% of scattered bokeh]]
[2021.05.17-20.12.04:556][  0]LogConfig: Setting CVar [[r.DOF.Recombine.Quality:1                ; cheap slight out of focus]]
[2021.05.17-20.12.04:556][  0]LogConfig: Setting CVar [[r.DOF.Recombine.EnableBokehSettings:0    ; no bokeh simulation on slight out of focus]]
[2021.05.17-20.12.04:556][  0]LogConfig: Setting CVar [[r.DOF.TemporalAAQuality:1                ; more stable temporal accumulation]]
[2021.05.17-20.12.04:556][  0]LogConfig: Setting CVar [[r.DOF.Kernel.MaxForegroundRadius:0.025]]
[2021.05.17-20.12.04:556][  0]LogConfig: Setting CVar [[r.DOF.Kernel.MaxBackgroundRadius:0.025]]
[2021.05.17-20.12.04:556][  0]LogConfig: Applying CVar settings from Section [TextureQuality@3] File [C:/Users/FUSE-Medium2/Documents/GitHub/PrecisionGroup_Rep/Saved/Config/Windows/Scalability.ini]
[2021.05.17-20.12.04:556][  0]LogConfig: Setting CVar [[r.Streaming.MipBias:0]]
[2021.05.17-20.12.04:556][  0]LogConfig: Setting CVar [[r.Streaming.AmortizeCPUToGPUCopy:0]]
[2021.05.17-20.12.04:556][  0]LogConfig: Setting CVar [[r.Streaming.MaxNumTexturesToStreamPerFrame:0]]
[2021.05.17-20.12.04:556][  0]LogConfig: Setting CVar [[r.Streaming.Boost:1]]
[2021.05.17-20.12.04:556][  0]LogConfig: Setting CVar [[r.MaxAnisotropy:8]]
[2021.05.17-20.12.04:556][  0]LogConfig: Setting CVar [[r.Streaming.LimitPoolSizeToVRAM:0]]
[2021.05.17-20.12.04:556][  0]LogConfig: Setting CVar [[r.Streaming.PoolSize:1000]]
[2021.05.17-20.12.04:556][  0]LogConfig: Setting CVar [[r.Streaming.MaxEffectiveScreenSize:0]]
[2021.05.17-20.12.04:556][  0]LogConfig: Applying CVar settings from Section [EffectsQuality@3] File [C:/Users/FUSE-Medium2/Documents/GitHub/PrecisionGroup_Rep/Saved/Config/Windows/Scalability.ini]
[2021.05.17-20.12.04:556][  0]LogConfig: Setting CVar [[r.TranslucencyLightingVolumeDim:64]]
[2021.05.17-20.12.04:556][  0]LogConfig: Setting CVar [[r.RefractionQuality:2]]
[2021.05.17-20.12.04:556][  0]LogConfig: Setting CVar [[r.SSR.Quality:3]]
[2021.05.17-20.12.04:556][  0]LogConfig: Setting CVar [[r.SceneColorFormat:4]]
[2021.05.17-20.12.04:556][  0]LogConfig: Setting CVar [[r.DetailMode:2]]
[2021.05.17-20.12.04:556][  0]LogConfig: Setting CVar [[r.TranslucencyVolumeBlur:1]]
[2021.05.17-20.12.04:556][  0]LogConfig: Setting CVar [[r.MaterialQualityLevel:1 ; High quality]]
[2021.05.17-20.12.04:556][  0]LogConfig: Setting CVar [[r.SSS.Scale:1]]
[2021.05.17-20.12.04:556][  0]LogConfig: Setting CVar [[r.SSS.SampleSet:2]]
[2021.05.17-20.12.04:556][  0]LogConfig: Setting CVar [[r.SSS.Quality:1]]
[2021.05.17-20.12.04:556][  0]LogConfig: Setting CVar [[r.SSS.HalfRes:1]]
[2021.05.17-20.12.04:556][  0]LogConfig: Setting CVar [[r.EmitterSpawnRateScale:1.0]]
[2021.05.17-20.12.04:556][  0]LogConfig: Setting CVar [[r.ParticleLightQuality:2]]
[2021.05.17-20.12.04:556][  0]LogConfig: Applying CVar settings from Section [FoliageQuality@3] File [C:/Users/FUSE-Medium2/Documents/GitHub/PrecisionGroup_Rep/Saved/Config/Windows/Scalability.ini]
[2021.05.17-20.12.04:556][  0]LogConfig: Setting CVar [[foliage.DensityScale:1.0]]
[2021.05.17-20.12.04:556][  0]LogConfig: Setting CVar [[grass.DensityScale:1.0]]
[2021.05.17-20.12.04:556][  0]LogInit: Selected Device Profile: [Windows]
[2021.05.17-20.12.04:556][  0]LogInit: Applying CVar settings loaded from the selected device profile: [Windows]
[2021.05.17-20.12.04:559][  0]LogHAL: Display: Platform has ~ 16 GB [17121370112 / 17179869184 / 16], which maps to Larger [LargestMinGB=32, LargerMinGB=12, DefaultMinGB=8, SmallerMinGB=6, SmallestMinGB=0)
[2021.05.17-20.12.04:559][  0]LogInit: Going up to parent DeviceProfile []
[2021.05.17-20.12.04:559][  0]LogConfig: Applying CVar settings from Section [ViewDistanceQuality@3] File [C:/Users/FUSE-Medium2/Documents/GitHub/PrecisionGroup_Rep/Saved/Config/Windows/Scalability.ini]
[2021.05.17-20.12.04:559][  0]LogConfig: Setting CVar [[r.SkeletalMeshLODBias:0]]
[2021.05.17-20.12.04:559][  0]LogConfig: Setting CVar [[r.ViewDistanceScale:1.0]]
[2021.05.17-20.12.04:559][  0]LogConfig: Applying CVar settings from Section [AntiAliasingQuality@3] File [C:/Users/FUSE-Medium2/Documents/GitHub/PrecisionGroup_Rep/Saved/Config/Windows/Scalability.ini]
[2021.05.17-20.12.04:559][  0]LogConfig: Setting CVar [[r.PostProcessAAQuality:4]]
[2021.05.17-20.12.04:559][  0]LogConfig: Applying CVar settings from Section [ShadowQuality@3] File [C:/Users/FUSE-Medium2/Documents/GitHub/PrecisionGroup_Rep/Saved/Config/Windows/Scalability.ini]
[2021.05.17-20.12.04:559][  0]LogConfig: Setting CVar [[r.LightFunctionQuality:1]]
[2021.05.17-20.12.04:559][  0]LogConfig: Setting CVar [[r.ShadowQuality:5]]
[2021.05.17-20.12.04:559][  0]LogConfig: Setting CVar [[r.Shadow.CSM.MaxCascades:10]]
[2021.05.17-20.12.04:559][  0]LogConfig: Setting CVar [[r.Shadow.MaxResolution:2048]]
[2021.05.17-20.12.04:559][  0]LogConfig: Setting CVar [[r.Shadow.MaxCSMResolution:2048]]
[2021.05.17-20.12.04:559][  0]LogConfig: Setting CVar [[r.Shadow.RadiusThreshold:0.01]]
[2021.05.17-20.12.04:560][  0]LogConfig: Setting CVar [[r.Shadow.DistanceScale:1.0]]
[2021.05.17-20.12.04:560][  0]LogConfig: Setting CVar [[r.Shadow.CSM.TransitionScale:1.0]]
[2021.05.17-20.12.04:560][  0]LogConfig: Setting CVar [[r.Shadow.PreShadowResolutionFactor:1.0]]
[2021.05.17-20.12.04:560][  0]LogConfig: Setting CVar [[r.DistanceFieldShadowing:1]]
[2021.05.17-20.12.04:560][  0]LogConfig: Setting CVar [[r.DistanceFieldAO:1]]
[2021.05.17-20.12.04:560][  0]LogConfig: Setting CVar [[r.AOQuality:2]]
[2021.05.17-20.12.04:560][  0]LogConfig: Setting CVar [[r.VolumetricFog:1]]
[2021.05.17-20.12.04:560][  0]LogConfig: Setting CVar [[r.VolumetricFog.GridPixelSize:8]]
[2021.05.17-20.12.04:560][  0]LogConfig: Setting CVar [[r.VolumetricFog.GridSizeZ:128]]
[2021.05.17-20.12.04:560][  0]LogConfig: Setting CVar [[r.VolumetricFog.HistoryMissSupersampleCount:4]]
[2021.05.17-20.12.04:560][  0]LogConfig: Setting CVar [[r.LightMaxDrawDistanceScale:1]]
[2021.05.17-20.12.04:560][  0]LogConfig: Setting CVar [[r.CapsuleShadows:1]]
[2021.05.17-20.12.04:560][  0]LogConfig: Applying CVar settings from Section [PostProcessQuality@3] File [C:/Users/FUSE-Medium2/Documents/GitHub/PrecisionGroup_Rep/Saved/Config/Windows/Scalability.ini]
[2021.05.17-20.12.04:560][  0]LogConfig: Setting CVar [[r.MotionBlurQuality:4]]
[2021.05.17-20.12.04:560][  0]LogConfig: Setting CVar [[r.AmbientOcclusionMipLevelFactor:0.4]]
[2021.05.17-20.12.04:560][  0]LogConfig: Setting CVar [[r.AmbientOcclusionMaxQuality:100]]
[2021.05.17-20.12.04:560][  0]LogConfig: Setting CVar [[r.AmbientOcclusionLevels:-1]]
[2021.05.17-20.12.04:560][  0]LogConfig: Setting CVar [[r.AmbientOcclusionRadiusScale:1.0]]
[2021.05.17-20.12.04:560][  0]LogConfig: Setting CVar [[r.DepthOfFieldQuality:2]]
[2021.05.17-20.12.04:560][  0]LogConfig: Setting CVar [[r.RenderTargetPoolMin:400]]
[2021.05.17-20.12.04:560][  0]LogConfig: Setting CVar [[r.LensFlareQuality:2]]
[2021.05.17-20.12.04:560][  0]LogConfig: Setting CVar [[r.SceneColorFringeQuality:1]]
[2021.05.17-20.12.04:560][  0]LogConfig: Setting CVar [[r.EyeAdaptationQuality:2]]
[2021.05.17-20.12.04:560][  0]LogConfig: Setting CVar [[r.BloomQuality:5]]
[2021.05.17-20.12.04:560][  0]LogConfig: Setting CVar [[r.FastBlurThreshold:100]]
[2021.05.17-20.12.04:560][  0]LogConfig: Setting CVar [[r.Upscale.Quality:3]]
[2021.05.17-20.12.04:560][  0]LogConfig: Setting CVar [[r.Tonemapper.GrainQuantization:1]]
[2021.05.17-20.12.04:560][  0]LogConfig: Setting CVar [[r.LightShaftQuality:1]]
[2021.05.17-20.12.04:560][  0]LogConfig: Setting CVar [[r.Filter.SizeScale:1]]
[2021.05.17-20.12.04:560][  0]LogConfig: Setting CVar [[r.Tonemapper.Quality:5]]
[2021.05.17-20.12.04:560][  0]LogConfig: Setting CVar [[r.DOF.Gather.AccumulatorQuality:1        ; higher gathering accumulator quality]]
[2021.05.17-20.12.04:560][  0]LogConfig: Setting CVar [[r.DOF.Gather.PostfilterMethod:1          ; Median3x3 postfilering method]]
[2021.05.17-20.12.04:560][  0]LogConfig: Setting CVar [[r.DOF.Gather.EnableBokehSettings:0       ; no bokeh simulation when gathering]]
[2021.05.17-20.12.04:560][  0]LogConfig: Setting CVar [[r.DOF.Gather.RingCount:4                 ; medium number of samples when gathering]]
[2021.05.17-20.12.04:560][  0]LogConfig: Setting CVar [[r.DOF.Scatter.ForegroundCompositing:1    ; additive foreground scattering]]
[2021.05.17-20.12.04:560][  0]LogConfig: Setting CVar [[r.DOF.Scatter.BackgroundCompositing:2    ; additive background scattering]]
[2021.05.17-20.12.04:560][  0]LogConfig: Setting CVar [[r.DOF.Scatter.EnableBokehSettings:1      ; bokeh simulation when scattering]]
[2021.05.17-20.12.04:560][  0]LogConfig: Setting CVar [[r.DOF.Scatter.MaxSpriteRatio:0.1         ; only a maximum of 10% of scattered bokeh]]
[2021.05.17-20.12.04:560][  0]LogConfig: Setting CVar [[r.DOF.Recombine.Quality:1                ; cheap slight out of focus]]
[2021.05.17-20.12.04:560][  0]LogConfig: Setting CVar [[r.DOF.Recombine.EnableBokehSettings:0    ; no bokeh simulation on slight out of focus]]
[2021.05.17-20.12.04:560][  0]LogConfig: Setting CVar [[r.DOF.TemporalAAQuality:1                ; more stable temporal accumulation]]
[2021.05.17-20.12.04:560][  0]LogConfig: Setting CVar [[r.DOF.Kernel.MaxForegroundRadius:0.025]]
[2021.05.17-20.12.04:560][  0]LogConfig: Setting CVar [[r.DOF.Kernel.MaxBackgroundRadius:0.025]]
[2021.05.17-20.12.04:560][  0]LogConfig: Applying CVar settings from Section [TextureQuality@3] File [C:/Users/FUSE-Medium2/Documents/GitHub/PrecisionGroup_Rep/Saved/Config/Windows/Scalability.ini]
[2021.05.17-20.12.04:560][  0]LogConfig: Setting CVar [[r.Streaming.MipBias:0]]
[2021.05.17-20.12.04:560][  0]LogConfig: Setting CVar [[r.Streaming.AmortizeCPUToGPUCopy:0]]
[2021.05.17-20.12.04:560][  0]LogConfig: Setting CVar [[r.Streaming.MaxNumTexturesToStreamPerFrame:0]]
[2021.05.17-20.12.04:560][  0]LogConfig: Setting CVar [[r.Streaming.Boost:1]]
[2021.05.17-20.12.04:560][  0]LogConfig: Setting CVar [[r.MaxAnisotropy:8]]
[2021.05.17-20.12.04:560][  0]LogConfig: Setting CVar [[r.Streaming.LimitPoolSizeToVRAM:0]]
[2021.05.17-20.12.04:560][  0]LogConfig: Setting CVar [[r.Streaming.PoolSize:1000]]
[2021.05.17-20.12.04:560][  0]LogConfig: Setting CVar [[r.Streaming.MaxEffectiveScreenSize:0]]
[2021.05.17-20.12.04:560][  0]LogConfig: Applying CVar settings from Section [EffectsQuality@3] File [C:/Users/FUSE-Medium2/Documents/GitHub/PrecisionGroup_Rep/Saved/Config/Windows/Scalability.ini]
[2021.05.17-20.12.04:560][  0]LogConfig: Setting CVar [[r.TranslucencyLightingVolumeDim:64]]
[2021.05.17-20.12.04:560][  0]LogConfig: Setting CVar [[r.RefractionQuality:2]]
[2021.05.17-20.12.04:560][  0]LogConfig: Setting CVar [[r.SSR.Quality:3]]
[2021.05.17-20.12.04:560][  0]LogConfig: Setting CVar [[r.SceneColorFormat:4]]
[2021.05.17-20.12.04:560][  0]LogConfig: Setting CVar [[r.DetailMode:2]]
[2021.05.17-20.12.04:560][  0]LogConfig: Setting CVar [[r.TranslucencyVolumeBlur:1]]
[2021.05.17-20.12.04:560][  0]LogConfig: Setting CVar [[r.MaterialQualityLevel:1 ; High quality]]
[2021.05.17-20.12.04:561][  0]LogConfig: Setting CVar [[r.SSS.Scale:1]]
[2021.05.17-20.12.04:561][  0]LogConfig: Setting CVar [[r.SSS.SampleSet:2]]
[2021.05.17-20.12.04:561][  0]LogConfig: Setting CVar [[r.SSS.Quality:1]]
[2021.05.17-20.12.04:561][  0]LogConfig: Setting CVar [[r.SSS.HalfRes:1]]
[2021.05.17-20.12.04:561][  0]LogConfig: Setting CVar [[r.EmitterSpawnRateScale:1.0]]
[2021.05.17-20.12.04:561][  0]LogConfig: Setting CVar [[r.ParticleLightQuality:2]]
[2021.05.17-20.12.04:561][  0]LogConfig: Applying CVar settings from Section [FoliageQuality@3] File [C:/Users/FUSE-Medium2/Documents/GitHub/PrecisionGroup_Rep/Saved/Config/Windows/Scalability.ini]
[2021.05.17-20.12.04:561][  0]LogConfig: Setting CVar [[foliage.DensityScale:1.0]]
[2021.05.17-20.12.04:561][  0]LogConfig: Setting CVar [[grass.DensityScale:1.0]]
[2021.05.17-20.12.04:561][  0]LogConfig: Applying CVar settings from Section [Startup] File [../../../Engine/Config/ConsoleVariables.ini]
[2021.05.17-20.12.04:561][  0]LogConfig: Setting CVar [[net.UseAdaptiveNetUpdateFrequency:0]]
[2021.05.17-20.12.04:561][  0]LogConfig: Setting CVar [[p.chaos.AllowCreatePhysxBodies:1]]
[2021.05.17-20.12.04:561][  0]LogConfig: Applying CVar settings from Section [ConsoleVariables] File [C:/Users/FUSE-Medium2/Documents/GitHub/PrecisionGroup_Rep/Saved/Config/Windows/Engine.ini]
[2021.05.17-20.12.04:561][  0]LogInit: Computer: DESKTOP-SFELQSR
[2021.05.17-20.12.04:561][  0]LogInit: User: FUSEMedium2
[2021.05.17-20.12.04:561][  0]LogInit: CPU Page size=4096, Cores=6
[2021.05.17-20.12.04:561][  0]LogInit: High frequency timer resolution =10.000000 MHz
[2021.05.17-20.12.04:561][  0]LogMemory: Memory total: Physical=15.9GB (16GB approx)
[2021.05.17-20.12.04:561][  0]LogMemory: Platform Memory Stats for Windows
[2021.05.17-20.12.04:561][  0]LogMemory: Process Physical Memory: 100.81 MB used, 100.81 MB peak
[2021.05.17-20.12.04:561][  0]LogMemory: Process Virtual Memory: 88.63 MB used, 88.63 MB peak
[2021.05.17-20.12.04:561][  0]LogMemory: Physical Memory: 4787.32 MB used,  11540.89 MB free, 16328.21 MB total
[2021.05.17-20.12.04:561][  0]LogMemory: Virtual Memory: 4652.55 MB used,  134213072.00 MB free, 134217728.00 MB total
[2021.05.17-20.12.04:564][  0]LogWindows: WindowsPlatformFeatures enabled
[2021.05.17-20.12.04:616][  0]LogInit: Using OS detected language (en-US).
[2021.05.17-20.12.04:616][  0]LogInit: Using OS detected locale (en-US).
[2021.05.17-20.12.04:617][  0]LogTextLocalizationManager: No specific localization for 'en-US' exists, so the 'en' localization will be used.
[2021.05.17-20.12.04:762][  0]LogInit: Setting process to per monitor DPI aware
[2021.05.17-20.12.04:791][  0]LogSlate: New Slate User Created.  User Index 0, Is Virtual User: 0
[2021.05.17-20.12.04:791][  0]LogSlate: Slate User Registered.  User Index 0, Is Virtual User: 0
[2021.05.17-20.12.04:939][  0]LogHMD: Failed to initialize OpenVR with code 110
[2021.05.17-20.12.04:939][  0]LogD3D11RHI: D3D11 adapters:
[2021.05.17-20.12.04:988][  0]LogD3D11RHI:    0. 'NVIDIA GeForce GT 710' (Feature Level 11_0)
[2021.05.17-20.12.04:988][  0]LogD3D11RHI:       2007/0/8164 MB DedicatedVideo/DedicatedSystem/SharedSystem, Outputs:2, VendorId:0x10de
[2021.05.17-20.12.04:991][  0]LogD3D11RHI:    1. 'Microsoft Basic Render Driver' (Feature Level 11_0)
[2021.05.17-20.12.04:991][  0]LogD3D11RHI:       0/0/8164 MB DedicatedVideo/DedicatedSystem/SharedSystem, Outputs:0, VendorId:0x1414
[2021.05.17-20.12.04:991][  0]LogD3D11RHI: Chosen D3D11 Adapter: 0
[2021.05.17-20.12.04:996][  0]LogD3D11RHI: Creating new Direct3DDevice
[2021.05.17-20.12.04:996][  0]LogD3D11RHI:     GPU DeviceId: 0x128b (for the marketing name, search the web for "GPU Device Id")
[2021.05.17-20.12.04:996][  0]LogWindows: EnumDisplayDevices:
[2021.05.17-20.12.04:996][  0]LogWindows:    0. 'NVIDIA GeForce GT 710' (P:1 D:1)
[2021.05.17-20.12.04:996][  0]LogWindows:    1. 'NVIDIA GeForce GT 710' (P:0 D:1)
[2021.05.17-20.12.04:996][  0]LogWindows: DebugString: FoundDriverCount:2 
[2021.05.17-20.12.04:997][  0]LogD3D11RHI:     Adapter Name: NVIDIA GeForce GT 710
[2021.05.17-20.12.04:997][  0]LogD3D11RHI:   Driver Version: 456.71 (internal:27.21.14.5671, unified:456.71)
[2021.05.17-20.12.04:997][  0]LogD3D11RHI:      Driver Date: 9-30-2020
[2021.05.17-20.12.04:997][  0]LogRHI: Texture pool is 1404 MB (70% of 2007 MB)
[2021.05.17-20.12.05:032][  0]LogD3D11RHI: Async texture creation enabled
[2021.05.17-20.12.05:049][  0]LogD3D11RHI: GPU Timing Frequency: 1000.000000 (Debug: 2 2)
[2021.05.17-20.12.05:316][  0]LogTemp: Display: Module 'AllDesktopTargetPlatform' loaded TargetPlatform 'AllDesktop'
[2021.05.17-20.12.05:324][  0]LogTemp: Display: Module 'MacClientTargetPlatform' loaded TargetPlatform 'MacClient'
[2021.05.17-20.12.05:332][  0]LogTemp: Display: Module 'MacNoEditorTargetPlatform' loaded TargetPlatform 'MacNoEditor'
[2021.05.17-20.12.05:340][  0]LogTemp: Display: Module 'MacServerTargetPlatform' loaded TargetPlatform 'MacServer'
[2021.05.17-20.12.05:347][  0]LogTemp: Display: Module 'MacTargetPlatform' loaded TargetPlatform 'Mac'
[2021.05.17-20.12.05:355][  0]LogTemp: Display: Module 'WindowsClientTargetPlatform' loaded TargetPlatform 'WindowsClient'
[2021.05.17-20.12.05:363][  0]LogTemp: Display: Module 'WindowsNoEditorTargetPlatform' loaded TargetPlatform 'WindowsNoEditor'
[2021.05.17-20.12.05:371][  0]LogTemp: Display: Module 'WindowsServerTargetPlatform' loaded TargetPlatform 'WindowsServer'
[2021.05.17-20.12.05:375][  0]LogTemp: Display: Module 'WindowsTargetPlatform' loaded TargetPlatform 'Windows'
[2021.05.17-20.12.05:403][  0]LogTemp: Display: Module 'AndroidTargetPlatform' loaded TargetPlatform 'Android'
[2021.05.17-20.12.05:403][  0]LogTemp: Display: Module 'AndroidTargetPlatform' loaded TargetPlatform 'Android_ASTC'
[2021.05.17-20.12.05:403][  0]LogTemp: Display: Module 'AndroidTargetPlatform' loaded TargetPlatform 'Android_ATC'
[2021.05.17-20.12.05:403][  0]LogTemp: Display: Module 'AndroidTargetPlatform' loaded TargetPlatform 'Android_DXT'
[2021.05.17-20.12.05:403][  0]LogTemp: Display: Module 'AndroidTargetPlatform' loaded TargetPlatform 'Android_ETC1'
[2021.05.17-20.12.05:403][  0]LogTemp: Display: Module 'AndroidTargetPlatform' loaded TargetPlatform 'Android_ETC1a'
[2021.05.17-20.12.05:403][  0]LogTemp: Display: Module 'AndroidTargetPlatform' loaded TargetPlatform 'Android_ETC2'
[2021.05.17-20.12.05:404][  0]LogTemp: Display: Module 'AndroidTargetPlatform' loaded TargetPlatform 'Android_PVRTC'
[2021.05.17-20.12.05:404][  0]LogTemp: Display: Module 'AndroidTargetPlatform' loaded TargetPlatform 'AndroidClient'
[2021.05.17-20.12.05:404][  0]LogTemp: Display: Module 'AndroidTargetPlatform' loaded TargetPlatform 'Android_ASTCClient'
[2021.05.17-20.12.05:404][  0]LogTemp: Display: Module 'AndroidTargetPlatform' loaded TargetPlatform 'Android_ATCClient'
[2021.05.17-20.12.05:404][  0]LogTemp: Display: Module 'AndroidTargetPlatform' loaded TargetPlatform 'Android_DXTClient'
[2021.05.17-20.12.05:404][  0]LogTemp: Display: Module 'AndroidTargetPlatform' loaded TargetPlatform 'Android_ETC1Client'
[2021.05.17-20.12.05:404][  0]LogTemp: Display: Module 'AndroidTargetPlatform' loaded TargetPlatform 'Android_ETC1aClient'
[2021.05.17-20.12.05:404][  0]LogTemp: Display: Module 'AndroidTargetPlatform' loaded TargetPlatform 'Android_ETC2Client'
[2021.05.17-20.12.05:404][  0]LogTemp: Display: Module 'AndroidTargetPlatform' loaded TargetPlatform 'Android_PVRTCClient'
[2021.05.17-20.12.05:404][  0]LogTemp: Display: Module 'AndroidTargetPlatform' loaded TargetPlatform 'Android_Multi'
[2021.05.17-20.12.05:404][  0]LogTemp: Display: Module 'AndroidTargetPlatform' loaded TargetPlatform 'Android_MultiClient'
[2021.05.17-20.12.05:405][  0]LogTemp: Display: Module 'HTML5TargetPlatform' loaded TargetPlatform 'HTML5'
[2021.05.17-20.12.05:421][  0]LogTemp: Display: Module 'IOSTargetPlatform' loaded TargetPlatform 'IOSClient'
[2021.05.17-20.12.05:421][  0]LogTemp: Display: Module 'IOSTargetPlatform' loaded TargetPlatform 'IOS'
[2021.05.17-20.12.05:434][  0]LogTemp: Display: Module 'TVOSTargetPlatform' loaded TargetPlatform 'TVOSClient'
[2021.05.17-20.12.05:434][  0]LogTemp: Display: Module 'TVOSTargetPlatform' loaded TargetPlatform 'TVOS'
[2021.05.17-20.12.05:440][  0]LogTemp: Display: Module 'LinuxClientTargetPlatform' loaded TargetPlatform 'LinuxClient'
[2021.05.17-20.12.05:446][  0]LogTemp: Display: Module 'LinuxNoEditorTargetPlatform' loaded TargetPlatform 'LinuxNoEditor'
[2021.05.17-20.12.05:453][  0]LogTemp: Display: Module 'LinuxServerTargetPlatform' loaded TargetPlatform 'LinuxServer'
[2021.05.17-20.12.05:459][  0]LogTemp: Display: Module 'LinuxTargetPlatform' loaded TargetPlatform 'Linux'
[2021.05.17-20.12.05:481][  0]LogTemp: Display: Module 'LuminTargetPlatform' loaded TargetPlatform 'Lumin'
[2021.05.17-20.12.05:481][  0]LogTemp: Display: Module 'LuminTargetPlatform' loaded TargetPlatform 'LuminClient'
[2021.05.17-20.12.05:481][  0]LogTargetPlatformManager: Display: Building Assets For Windows
[2021.05.17-20.12.05:489][  0]LogAudioDebug: Display: Lib vorbis DLL was dynamically loaded.
[2021.05.17-20.12.05:537][  0]LogShaderCompilers: Guid format shader working directory is -19 characters bigger than the processId version (../../../../../../Users/FUSE-Medium2/Documents/GitHub/PrecisionGroup_Rep/Intermediate/Shaders/WorkingDirectory/5896/).
[2021.05.17-20.12.05:537][  0]LogShaderCompilers: Cleaned the shader compiler working directory 'C:/Users/FUSE-Medium2/AppData/Local/Temp/UnrealShaderWorkingDir/A6D2F1374324944016FAF6824EA0C644/'.
[2021.05.17-20.12.05:539][  0]LogXGEController: Cleaning working directory: C:/Users/FUSE-Medium2/AppData/Local/Temp/UnrealXGEWorkingDir/
[2021.05.17-20.12.05:539][  0]LogXGEController: Cannot use XGE Controller as Incredibuild is not installed on this machine.
[2021.05.17-20.12.05:540][  0]LogShaderCompilers: Cannot use XGE Shader Compiler as Incredibuild is not installed on this machine.
[2021.05.17-20.12.05:540][  0]LogShaderCompilers: Display: Using Local Shader Compiler.
[2021.05.17-20.12.06:065][  0]LogDerivedDataCache: Display: Max Cache Size: 512 MB
[2021.05.17-20.12.06:111][  0]LogDerivedDataCache: Loaded boot cache 0.05s 73MB C:/Users/FUSE-Medium2/AppData/Local/UnrealEngine/4.23/DerivedDataCache/Boot.ddc.
[2021.05.17-20.12.06:111][  0]LogDerivedDataCache: Display: Loaded Boot cache: C:/Users/FUSE-Medium2/AppData/Local/UnrealEngine/4.23/DerivedDataCache/Boot.ddc
[2021.05.17-20.12.06:111][  0]LogDerivedDataCache: FDerivedDataBackendGraph:  Pak pak cache file ../../../../../../Users/FUSE-Medium2/Documents/GitHub/PrecisionGroup_Rep/DerivedDataCache/DDC.ddp not found, will not use a pak cache.
[2021.05.17-20.12.06:111][  0]LogDerivedDataCache: Unable to find inner node Pak for hierarchical cache Hierarchy.
[2021.05.17-20.12.06:111][  0]LogDerivedDataCache: FDerivedDataBackendGraph:  CompressedPak pak cache file ../../../../../../Users/FUSE-Medium2/Documents/GitHub/PrecisionGroup_Rep/DerivedDataCache/Compressed.ddp not found, will not use a pak cache.
[2021.05.17-20.12.06:111][  0]LogDerivedDataCache: Unable to find inner node CompressedPak for hierarchical cache Hierarchy.
[2021.05.17-20.12.06:121][  0]LogDerivedDataCache: Display: Pak cache opened for reading ../../../Engine/DerivedDataCache/Compressed.ddp.
[2021.05.17-20.12.06:121][  0]LogDerivedDataCache: FDerivedDataBackendGraph:  EnterprisePak pak cache file ../../../Enterprise/DerivedDataCache/Compressed.ddp not found, will not use a pak cache.
[2021.05.17-20.12.06:121][  0]LogDerivedDataCache: Unable to find inner node EnterprisePak for hierarchical cache Hierarchy.
[2021.05.17-20.12.06:122][  0]LogDerivedDataCache: Using Local data cache path C:/Users/FUSE-Medium2/AppData/Local/UnrealEngine/Common/DerivedDataCache: Writable
[2021.05.17-20.12.06:122][  0]LogDerivedDataCache: Shared data cache path not found in *engine.ini, will not use an Shared cache.
[2021.05.17-20.12.06:122][  0]LogDerivedDataCache: Unable to find inner node Shared for hierarchical cache Hierarchy.
[2021.05.17-20.12.06:141][  0]LogMaterial: Verifying Global Shaders for PCD3D_SM5
[2021.05.17-20.12.06:143][  0]LogSlate: Using FreeType 2.6.0
[2021.05.17-20.12.06:143][  0]LogSlate: SlateFontServices - WITH_FREETYPE: 1, WITH_HARFBUZZ: 1
[2021.05.17-20.12.06:197][  0]LogAssetRegistry: FAssetRegistry took 0.0021 seconds to start up
[2021.05.17-20.12.06:420][  0]LogInit: Selected Device Profile: [Windows]
[2021.05.17-20.12.06:546][  0]LogMeshReduction: Using QuadricMeshReduction for automatic static mesh reduction
[2021.05.17-20.12.06:546][  0]LogMeshReduction: Using SimplygonMeshReduction for automatic skeletal mesh reduction
[2021.05.17-20.12.06:546][  0]LogMeshReduction: Using ProxyLODMeshReduction for automatic mesh merging
[2021.05.17-20.12.06:546][  0]LogMeshReduction: No distributed automatic mesh merging module available
[2021.05.17-20.12.06:546][  0]LogMeshMerging: No distributed automatic mesh merging module available
[2021.05.17-20.12.06:555][  0]LogNetVersion: Precision_Groupv1 1.0.0, NetCL: 8386587, EngineNetVer: 11, GameNetVer: 0 (Checksum: 3478841522)
[2021.05.17-20.12.06:896][  0]LogPackageLocalizationCache: Processed 12 localized package path(s) for 1 prioritized culture(s) in 0.029460 seconds
[2021.05.17-20.12.06:901][  0]LogUObjectArray: 43444 objects as part of root set at end of initial load.
[2021.05.17-20.12.06:901][  0]LogUObjectAllocator: 7548648 out of 0 bytes used by permanent object pool.
[2021.05.17-20.12.06:901][  0]LogUObjectArray: CloseDisregardForGC: 0/0 objects in disregard for GC pool
[2021.05.17-20.12.07:672][  0]LogTcpMessaging: Initializing TcpMessaging bridge
[2021.05.17-20.12.07:674][  0]LogUdpMessaging: Initializing bridge on interface 0.0.0.0:0 to multicast group 230.0.0.1:6666.
[2021.05.17-20.12.07:719][  0]SourceControl: Source control is disabled
[2021.05.17-20.12.07:719][  0]SourceControl: Source control is disabled
[2021.05.17-20.12.07:720][  0]SourceControl: Source control is disabled
[2021.05.17-20.12.07:721][  0]SourceControl: Source control is disabled
[2021.05.17-20.12.07:799][  0]LogAndroidPermission: UAndroidPermissionCallbackProxy::GetInstance
[2021.05.17-20.12.07:931][  0]LogOcInput: OculusInput pre-init called
[2021.05.17-20.12.07:937][  0]LogWindows: Failed to load 'OVRPlugin.dll' (GetLastError=126)
[2021.05.17-20.12.07:937][  0]LogWindows: File 'OVRPlugin.dll' does not exist
[2021.05.17-20.12.07:995][  0]LogEngine: Initializing Engine...
[2021.05.17-20.12.07:996][  0]LogHMD: Failed to initialize OpenVR with code 110
[2021.05.17-20.12.07:997][  0]LogStats: UGameplayTagsManager::InitializeManager -  0.000 s
[2021.05.17-20.12.08:182][  0]LogInit: Initializing FReadOnlyCVARCache
[2021.05.17-20.12.08:195][  0]LogAIModule: Creating AISystem for world Untitled
[2021.05.17-20.12.08:223][  0]LogInit: XAudio2 using 'Headset Earphone (HyperX Virtual Surround Sound)' : 2 channels at 48 kHz using 16 bits per sample (channel mask 0x3)
[2021.05.17-20.12.08:249][  0]LogInit: FAudioDevice initialized.
[2021.05.17-20.12.08:249][  0]LogNetVersion: Set ProjectVersion to 1.0.0.0. Version Checksum will be recalculated on next use.
[2021.05.17-20.12.08:357][  0]LogDerivedDataCache: Saved boot cache 0.11s 73MB C:/Users/FUSE-Medium2/AppData/Local/UnrealEngine/4.23/DerivedDataCache/Boot.ddc.
[2021.05.17-20.12.08:361][  0]LogInit: Texture streaming: Enabled
[2021.05.17-20.12.08:380][  0]LogEngineSessionManager: EngineSessionManager initialized
[2021.05.17-20.12.08:380][  0]LogEditorSessionSummary: Verbose: Initializing EditorSessionSummaryWriter for editor session tracking
[2021.05.17-20.12.08:385][  0]LogEditorSessionSummary: EditorSessionSummaryWriter initialized
[2021.05.17-20.12.08:419][  0]LogInit: Transaction tracking system initialized
[2021.05.17-20.12.08:447][  0]BlueprintLog: New page: Editor Load
[2021.05.17-20.12.08:517][  0]LocalizationService: Localization service is disabled
[2021.05.17-20.12.08:712][  0]LogFileCache: Scanning file cache for directory 'C:/Users/FUSE-Medium2/Documents/GitHub/PrecisionGroup_Rep/Content/' took 0.00s
[2021.05.17-20.12.08:712][  0]LogCook: Display: Max memory allowance for cook 16384mb min free memory 0mb
[2021.05.17-20.12.08:712][  0]LogCook: Display: Mobile HDR setting 1
[2021.05.17-20.12.08:863][  0]SourceControl: Source control is disabled
[2021.05.17-20.12.08:863][  0]Cmd: MAP LOAD FILE="../../../../../../Users/FUSE-Medium2/Documents/GitHub/PrecisionGroup_Rep/Content/FirstPersonBP/Maps/FirstPersonExampleMap.umap" TEMPLATE=0 SHOWPROGRESS=1 FEATURELEVEL=3
[2021.05.17-20.12.08:863][  0]LogEditorServer: Warning: Can't find file '../../../../../../Users/FUSE-Medium2/Documents/GitHub/PrecisionGroup_Rep/Content/FirstPersonBP/Maps/FirstPersonExampleMap.umap'
[2021.05.17-20.12.08:863][  0]Cmd: MAP CHECKDEP NOCLEARLOG
[2021.05.17-20.12.08:864][  0]MapCheck: Map check complete: 0 Error(s), 0 Warning(s), took 0.137ms to complete.
[2021.05.17-20.12.08:864][  0]LogFileHelpers: Loading map 'FirstPersonExampleMap' took 0.000
[2021.05.17-20.12.08:945][  0]LogSlate: Updating window title bar state: overlay mode, drag disabled, window buttons hidden, title bar hidden
[2021.05.17-20.12.08:953][  0]LogSlate: Updating window title bar state: overlay mode, drag disabled, window buttons hidden, title bar hidden
[2021.05.17-20.12.08:958][  0]LogSlate: Updating window title bar state: overlay mode, drag disabled, window buttons hidden, title bar hidden
[2021.05.17-20.12.08:963][  0]LogSlate: Updating window title bar state: overlay mode, drag disabled, window buttons hidden, title bar hidden
[2021.05.17-20.12.08:969][  0]LogCollectionManager: Loaded 0 collections in 0.001629 seconds
[2021.05.17-20.12.08:974][  0]LogFileCache: Scanning file cache for directory 'C:/Users/FUSE-Medium2/Documents/GitHub/PrecisionGroup_Rep/Saved/Collections/' took 0.00s
[2021.05.17-20.12.08:974][  0]LogFileCache: Scanning file cache for directory 'C:/Users/FUSE-Medium2/Documents/GitHub/PrecisionGroup_Rep/Content/Developers/FUSEMedium2/Collections/' took 0.00s
[2021.05.17-20.12.08:974][  0]LogFileCache: Scanning file cache for directory 'C:/Users/FUSE-Medium2/Documents/GitHub/PrecisionGroup_Rep/Content/Collections/' took 0.00s
[2021.05.17-20.12.08:974][  0]LogCollectionManager: Rebuilt the GUID cache for 0 collections in 0.000001 seconds
[2021.05.17-20.12.08:981][  0]LogContentBrowser: Native class hierarchy populated in 0.0063 seconds. Added 2863 classes and 680 folders.
[2021.05.17-20.12.08:986][  0]LogContentBrowser: Native class hierarchy updated for 'WidgetCarousel' in 0.0002 seconds. Added 0 classes and 0 folders.
[2021.05.17-20.12.09:023][  0]LogContentBrowser: Native class hierarchy updated for 'AddContentDialog' in 0.0002 seconds. Added 0 classes and 0 folders.
[2021.05.17-20.12.09:028][  0]LogContentBrowser: Native class hierarchy updated for 'SceneOutliner' in 0.0002 seconds. Added 1 classes and 2 folders.
[2021.05.17-20.12.09:046][  0]LogSlate: Took 0.000186 seconds to synchronously load lazily loaded font '../../../Engine/Content/Slate/Fonts/Roboto-Regular.ttf' (155K)
[2021.05.17-20.12.09:047][  0]LogSlate: Took 0.000162 seconds to synchronously load lazily loaded font '../../../Engine/Content/Slate/Fonts/Roboto-Bold.ttf' (160K)
[2021.05.17-20.12.09:051][  0]LogSlate: Took 0.000172 seconds to synchronously load lazily loaded font '../../../Engine/Content/Editor/Slate/Fonts/FontAwesome.ttf' (139K)
[2021.05.17-20.12.09:104][  0]LogRenderer: Reallocating scene render targets to support 1104x608 Format 10 NumSamples 1 (Frame:1).
[2021.05.17-20.12.09:162][  0]LogContentBrowser: Native class hierarchy updated for 'HierarchicalLODOutliner' in 0.0002 seconds. Added 0 classes and 0 folders.
[2021.05.17-20.12.09:162][  0]LogLoad: (Engine Initialization) Total time: 5.67 seconds
[2021.05.17-20.12.09:162][  0]LogLoad: (Engine Initialization) Total Blueprint compile time: 0.00 seconds
[2021.05.17-20.12.09:203][  0]LogAssetRegistry: Asset discovery search completed in 3.0073 seconds
[2021.05.17-20.12.09:206][  0]LogCollectionManager: Rebuilt the object cache for 0 collections in 0.000004 seconds (found 0 objects)
[2021.05.17-20.12.09:206][  0]LogCollectionManager: Fixed up redirectors for 0 collections in 0.000049 seconds (updated 0 objects)
[2021.05.17-20.12.09:207][  0]LogContentStreaming: Texture pool size now 1000 MB
[2021.05.17-20.12.09:230][  0]LogSlate: Took 0.000145 seconds to synchronously load lazily loaded font '../../../Engine/Content/Slate/Fonts/Roboto-Light.ttf' (167K)
[2021.05.17-20.12.11:965][184]LogSlate: FSceneViewport::OnFocusLost() reason 0
[2021.05.17-20.12.13:033][270]LogSlate: Took 0.000163 seconds to synchronously load lazily loaded font '../../../Engine/Content/Slate/Fonts/Roboto-Light.ttf' (167K)
[2021.05.17-20.12.13:103][270]LogLinker: Warning: While loading '../../../../../../Users/FUSE-Medium2/Documents/GitHub/PrecisionGroup_Rep/Content/Warehouse_Pack/Material/Shelf_Base_M.uasset' failed to load '/Game/Warehouse_Pack/Texture/T_Shelf_4K_N': Can't find file.
[2021.05.17-20.12.13:103][270]LogLinker: Warning: While loading '../../../../../../Users/FUSE-Medium2/Documents/GitHub/PrecisionGroup_Rep/Content/Warehouse_Pack/Material/Shelf_Base_M.uasset' failed to load '/Game/Warehouse_Pack/Texture/T_Shelf_4K_N': Can't find file.
[2021.05.17-20.12.13:106][270]LogLinker: Warning: While loading '../../../../../../Users/FUSE-Medium2/Documents/GitHub/PrecisionGroup_Rep/Content/Warehouse_Pack/Material/Shelf_Base_M.uasset' failed to load '/Game/Warehouse_Pack/Texture/T_Shelf_4K_N': Can't find file.
[2021.05.17-20.12.13:106][270]LogLinker: Warning: While loading '../../../../../../Users/FUSE-Medium2/Documents/GitHub/PrecisionGroup_Rep/Content/Warehouse_Pack/Material/Shelf_Base_M.uasset' failed to load '/Game/Warehouse_Pack/Texture/T_Shelf_4K_N': Can't find file.
[2021.05.17-20.12.13:137][270]LogLinker: Warning: While loading '../../../../../../Users/FUSE-Medium2/Documents/GitHub/PrecisionGroup_Rep/Content/IndustryPropsPack3/Materials/Office.uasset' failed to load '/Game/IndustryPropsPack3/Textures/Office_SRM': Can't find file.
[2021.05.17-20.12.13:137][270]LogLinker: Warning: While loading '../../../../../../Users/FUSE-Medium2/Documents/GitHub/PrecisionGroup_Rep/Content/IndustryPropsPack3/Materials/Office.uasset' failed to load '/Game/IndustryPropsPack3/Textures/Office_SRM': Can't find file.
[2021.05.17-20.12.13:137][270]LogLinker: Warning: While loading '../../../../../../Users/FUSE-Medium2/Documents/GitHub/PrecisionGroup_Rep/Content/IndustryPropsPack3/Materials/Office.uasset' failed to load '/Game/IndustryPropsPack3/Textures/Office_SRM': Can't find file.
[2021.05.17-20.12.13:137][270]LogLinker: Warning: While loading '../../../../../../Users/FUSE-Medium2/Documents/GitHub/PrecisionGroup_Rep/Content/IndustryPropsPack3/Materials/Office.uasset' failed to load '/Game/IndustryPropsPack3/Textures/Office_SRM': Can't find file.
[2021.05.17-20.12.13:162][270]LogLinker: Warning: While loading '../../../../../../Users/FUSE-Medium2/Documents/GitHub/PrecisionGroup_Rep/Content/IndustryPropsPack3/Materials/Office.uasset' failed to load '/Game/IndustryPropsPack3/Textures/Office_SRM': Can't find file.
[2021.05.17-20.12.13:162][270]LoadErrors: Failed to load /Game/IndustryPropsPack3/Textures/Office_SRM.Office_SRM Referenced by Office
[2021.05.17-20.12.13:162][270]LogLinker: Warning: While loading '../../../../../../Users/FUSE-Medium2/Documents/GitHub/PrecisionGroup_Rep/Content/IndustryPropsPack3/Materials/Office.uasset' failed to load '/Game/IndustryPropsPack3/Textures/Office_SRM': Can't find file.
[2021.05.17-20.12.13:167][270]LogLinker: Warning: While loading '../../../../../../Users/FUSE-Medium2/Documents/GitHub/PrecisionGroup_Rep/Content/Warehouse_Pack/Material/Shelf_Base_M.uasset' failed to load '/Game/Warehouse_Pack/Texture/T_Shelf_4K_N': Can't find file.
[2021.05.17-20.12.13:167][270]LoadErrors: Failed to load /Game/Warehouse_Pack/Texture/T_Shelf_4K_N.T_Shelf_4K_N Referenced by MaterialExpressionTextureSample_2
[2021.05.17-20.12.13:168][270]LogLinker: Warning: While loading '../../../../../../Users/FUSE-Medium2/Documents/GitHub/PrecisionGroup_Rep/Content/Warehouse_Pack/Material/Shelf_Base_M.uasset' failed to load '/Game/Warehouse_Pack/Texture/T_Shelf_4K_N': Can't find file.
[2021.05.17-20.12.13:385][270]LogMaterial: Display: Missing cached shader map for material Shelf_Base_M, compiling. 
[2021.05.17-20.12.13:386][270]LogMaterial: Warning: C:\Users\FUSE-Medium2\Documents\GitHub\PrecisionGroup_Rep\Content\Warehouse_Pack\Material\Shelf_Base_M.uasset: Failed to compile Material for platform PCD3D_SM5, Default Material will be used in game.
[2021.05.17-20.12.13:386][270]LogMaterial: Display: 	(Node TextureSample) Texture Sample> Missing input texture
[2021.05.17-20.12.13:440][270]LogAIModule: Creating AISystem for world Trial_PrecisionGroup
[2021.05.17-20.12.13:471][270]LogAssetEditorManager: Opening Asset editor for World /Game/Trial_PrecisionGroup.Trial_PrecisionGroup
[2021.05.17-20.12.13:499][270]LogUObjectHash: Compacting FUObjectHashTables data took   1.69ms
[2021.05.17-20.12.13:499][270]Cmd: MAP LOAD FILE="../../../../../../Users/FUSE-Medium2/Documents/GitHub/PrecisionGroup_Rep/Content/Trial_PrecisionGroup.umap" TEMPLATE=0 SHOWPROGRESS=1 FEATURELEVEL=3
[2021.05.17-20.12.13:499][270]LightingResults: New page: Lighting Build
[2021.05.17-20.12.13:502][270]LogContentBrowser: Native class hierarchy updated for 'StatsViewer' in 0.0002 seconds. Added 5 classes and 0 folders.
[2021.05.17-20.12.13:502][270]LoadErrors: New page: Loading map: Trial_PrecisionGroup.umap
[2021.05.17-20.12.13:502][270]LogWorld: UWorld::CleanupWorld for Untitled, bSessionEnded=true, bCleanupResources=true
[2021.05.17-20.12.13:502][270]MapCheck: New page: Map Check
[2021.05.17-20.12.13:503][270]LightingResults: New page: Lighting Build
[2021.05.17-20.12.13:526][270]LogUObjectHash: Compacting FUObjectHashTables data took   1.31ms
[2021.05.17-20.12.13:536][270]LogEditorServer: Finished looking for orphan Actors (0.000 secs)
[2021.05.17-20.12.13:561][270]LogUObjectHash: Compacting FUObjectHashTables data took   1.28ms
[2021.05.17-20.12.13:571][270]Cmd: MAP CHECKDEP NOCLEARLOG
[2021.05.17-20.12.13:571][270]MapCheck: Map check complete: 0 Error(s), 0 Warning(s), took 0.137ms to complete.
[2021.05.17-20.12.13:571][270]LogFileHelpers: Loading map 'Trial_PrecisionGroup' took 0.073
[2021.05.17-20.12.20:828][613]LogEditorViewport: Clicking on Actor (LMB): StaticMeshActor (SM_PlasticBox_3)
[2021.05.17-20.12.21:274][635]Cmd: EDIT COPY
[2021.05.17-20.12.21:858][669]Cmd: EDIT PASTE
[2021.05.17-20.12.24:247][807]LogSlate: FSceneViewport::OnFocusLost() reason 5
[2021.05.17-20.12.24:289][807]LogUObjectHash: Compacting FUObjectHashTables data took   1.12ms
[2021.05.17-20.12.24:530][807]LogSavePackage: Moving '../../../../../../Users/FUSE-Medium2/Documents/GitHub/PrecisionGroup_Rep/Saved/Trial_PrecisionGroupBED9959B489E7113D33684B4D34CEBB1.tmp' to '../../../../../../Users/FUSE-Medium2/Documents/GitHub/PrecisionGroup_Rep/Content/Trial_PrecisionGroup.umap'
